<?xml version="1.0" encoding="UTF-8"?>
<testng-results total="1" passed="1" failed="0" skipped="0">
  <reporter-output>
  </reporter-output>
  <suite started-at="2024-05-27T10:23:37Z" name="Suite1" finished-at="2024-05-27T10:23:50Z" duration-ms="12647">
    <groups>
    </groups>
    <test started-at="2024-05-27T10:23:37Z" name="Newtest1" finished-at="2024-05-27T10:23:50Z" duration-ms="12647">
      <class name="testCases.NewTest1">
        <test-method is-config="true" signature="setup(java.lang.String)[pri:0, instance:testCases.NewTest1@b62fe6d]" started-at="2024-05-27T15:53:37Z" name="setup" finished-at="2024-05-27T15:53:39Z" duration-ms="1812" status="PASS">
          <params>
            <param index="0">
              <value>
                <![CDATA[chrome]]>
              </value>
            </param>
          </params>
          <reporter-output>
          </reporter-output>
        </test-method> <!-- setup -->
        <test-method signature="loginTest()[pri:0, instance:testCases.NewTest1@b62fe6d]" started-at="2024-05-27T15:53:39Z" name="loginTest" finished-at="2024-05-27T15:53:48Z" duration-ms="9075" status="PASS">
          <reporter-output>
          </reporter-output>
        </test-method> <!-- loginTest -->
        <test-method is-config="true" signature="tearDown()[pri:0, instance:testCases.NewTest1@b62fe6d]" started-at="2024-05-27T15:53:49Z" name="tearDown" finished-at="2024-05-27T15:53:50Z" duration-ms="1186" status="PASS">
          <reporter-output>
          </reporter-output>
        </test-method> <!-- tearDown -->
      </class> <!-- testCases.NewTest1 -->
    </test> <!-- Newtest1 -->
  </suite> <!-- Suite1 -->
</testng-results>
