<?xml version="1.0" encoding="UTF-8"?>
<testng-results total="1" passed="0" failed="0" skipped="1">
  <reporter-output>
  </reporter-output>
  <suite started-at="2024-05-26T08:05:29Z" name="Suite1" finished-at="2024-05-26T08:05:31Z" duration-ms="2260">
    <groups>
    </groups>
    <test started-at="2024-05-26T08:05:29Z" name="Newtest1" finished-at="2024-05-26T08:05:31Z" duration-ms="2260">
      <class name="testCases.NewTest1">
        <test-method is-config="true" signature="setup(java.lang.String)[pri:0, instance:testCases.NewTest1@36b4fe2a]" started-at="2024-05-26T13:35:29Z" name="setup" finished-at="2024-05-26T13:35:29Z" duration-ms="0" status="FAIL">
          <params>
            <param index="0">
              <value>
                <![CDATA[chrome]]>
              </value>
            </param>
          </params>
          <exception class="org.openqa.selenium.SessionNotCreatedException">
            <message>
              <![CDATA[session not created: This version of ChromeDriver only supports Chrome version 114
Current browser version is 125.0.6422.113 with binary path C:\Program Files\Google\Chrome\Application\chrome.exe
Build info: version: '3.141.59', revision: 'e82be7d358', time: '2018-11-14T08:17:03'
System info: host: 'DESKTOP-EG3OU6E', ip: '192.168.1.4', os.name: 'Windows 11', os.arch: 'amd64', os.version: '10.0', java.version: '17.0.10'
Driver info: driver.version: ChromeDriver
remote stacktrace: Backtrace:
	GetHandleVerifier [0x00FB6E73+48323]
	(No symbol) [0x00F49661]
	(No symbol) [0x00E55308]
	(No symbol) [0x00E7634C]
	(No symbol) [0x00E72093]
	(No symbol) [0x00E70719]
	(No symbol) [0x00EA0DF5]
	(No symbol) [0x00EA0ADC]
	(No symbol) [0x00E9A6D6]
	(No symbol) [0x00E7847C]
	(No symbol) [0x00E7957D]
	GetHandleVerifier [0x0121FD5D+2575277]
	GetHandleVerifier [0x0125F86E+2836158]
	GetHandleVerifier [0x012596DC+2811180]
	GetHandleVerifier [0x010441B0+626688]
	(No symbol) [0x00F5314C]
	(No symbol) [0x00F4F4B8]
	(No symbol) [0x00F4F59B]
	(No symbol) [0x00F421B7]
	BaseThreadInitThunk [0x750E7BA9+25]
	RtlInitializeExceptionChain [0x772FBE3B+107]
	RtlClearBits [0x772FBDBF+191]
]]>
            </message>
            <full-stacktrace>
              <![CDATA[org.openqa.selenium.SessionNotCreatedException: session not created: This version of ChromeDriver only supports Chrome version 114
Current browser version is 125.0.6422.113 with binary path C:\Program Files\Google\Chrome\Application\chrome.exe
Build info: version: '3.141.59', revision: 'e82be7d358', time: '2018-11-14T08:17:03'
System info: host: 'DESKTOP-EG3OU6E', ip: '192.168.1.4', os.name: 'Windows 11', os.arch: 'amd64', os.version: '10.0', java.version: '17.0.10'
Driver info: driver.version: ChromeDriver
remote stacktrace: Backtrace:
	GetHandleVerifier [0x00FB6E73+48323]
	(No symbol) [0x00F49661]
	(No symbol) [0x00E55308]
	(No symbol) [0x00E7634C]
	(No symbol) [0x00E72093]
	(No symbol) [0x00E70719]
	(No symbol) [0x00EA0DF5]
	(No symbol) [0x00EA0ADC]
	(No symbol) [0x00E9A6D6]
	(No symbol) [0x00E7847C]
	(No symbol) [0x00E7957D]
	GetHandleVerifier [0x0121FD5D+2575277]
	GetHandleVerifier [0x0125F86E+2836158]
	GetHandleVerifier [0x012596DC+2811180]
	GetHandleVerifier [0x010441B0+626688]
	(No symbol) [0x00F5314C]
	(No symbol) [0x00F4F4B8]
	(No symbol) [0x00F4F59B]
	(No symbol) [0x00F421B7]
	BaseThreadInitThunk [0x750E7BA9+25]
	RtlInitializeExceptionChain [0x772FBE3B+107]
	RtlClearBits [0x772FBDBF+191]

	at java.base/jdk.internal.reflect.NativeConstructorAccessorImpl.newInstance0(Native Method)
	at java.base/jdk.internal.reflect.NativeConstructorAccessorImpl.newInstance(NativeConstructorAccessorImpl.java:77)
	at java.base/jdk.internal.reflect.DelegatingConstructorAccessorImpl.newInstance(DelegatingConstructorAccessorImpl.java:45)
	at java.base/java.lang.reflect.Constructor.newInstanceWithCaller(Constructor.java:499)
	at java.base/java.lang.reflect.Constructor.newInstance(Constructor.java:480)
	at org.openqa.selenium.remote.W3CHandshakeResponse.lambda$errorHandler$0(W3CHandshakeResponse.java:62)
	at org.openqa.selenium.remote.HandshakeResponse.lambda$getResponseFunction$0(HandshakeResponse.java:30)
	at org.openqa.selenium.remote.ProtocolHandshake.lambda$createSession$0(ProtocolHandshake.java:126)
	at java.base/java.util.stream.ReferencePipeline$3$1.accept(ReferencePipeline.java:197)
	at java.base/java.util.Spliterators$ArraySpliterator.tryAdvance(Spliterators.java:1002)
	at java.base/java.util.stream.ReferencePipeline.forEachWithCancel(ReferencePipeline.java:129)
	at java.base/java.util.stream.AbstractPipeline.copyIntoWithCancel(AbstractPipeline.java:527)
	at java.base/java.util.stream.AbstractPipeline.copyInto(AbstractPipeline.java:513)
	at java.base/java.util.stream.AbstractPipeline.wrapAndCopyInto(AbstractPipeline.java:499)
	at java.base/java.util.stream.FindOps$FindOp.evaluateSequential(FindOps.java:150)
	at java.base/java.util.stream.AbstractPipeline.evaluate(AbstractPipeline.java:234)
	at java.base/java.util.stream.ReferencePipeline.findFirst(ReferencePipeline.java:647)
	at org.openqa.selenium.remote.ProtocolHandshake.createSession(ProtocolHandshake.java:128)
	at org.openqa.selenium.remote.ProtocolHandshake.createSession(ProtocolHandshake.java:74)
	at org.openqa.selenium.remote.HttpCommandExecutor.execute(HttpCommandExecutor.java:136)
	at org.openqa.selenium.remote.service.DriverCommandExecutor.execute(DriverCommandExecutor.java:83)
	at org.openqa.selenium.remote.RemoteWebDriver.execute(RemoteWebDriver.java:552)
	at org.openqa.selenium.remote.RemoteWebDriver.startSession(RemoteWebDriver.java:213)
	at org.openqa.selenium.remote.RemoteWebDriver.<init>(RemoteWebDriver.java:131)
	at org.openqa.selenium.chrome.ChromeDriver.<init>(ChromeDriver.java:181)
	at org.openqa.selenium.chrome.ChromeDriver.<init>(ChromeDriver.java:168)
	at org.openqa.selenium.chrome.ChromeDriver.<init>(ChromeDriver.java:123)
	at stepDefinitions.baseClass.setUp(baseClass.java:60)
	at testCases.NewTest1.setup(NewTest1.java:27)
	at java.base/jdk.internal.reflect.NativeMethodAccessorImpl.invoke0(Native Method)
	at java.base/jdk.internal.reflect.NativeMethodAccessorImpl.invoke(NativeMethodAccessorImpl.java:77)
	at java.base/jdk.internal.reflect.DelegatingMethodAccessorImpl.invoke(DelegatingMethodAccessorImpl.java:43)
	at java.base/java.lang.reflect.Method.invoke(Method.java:568)
	at org.testng.internal.MethodInvocationHelper.invokeMethod(MethodInvocationHelper.java:80)
	at org.testng.internal.Invoker.invokeConfigurationMethod(Invoker.java:564)
	at org.testng.internal.Invoker.invokeConfigurations(Invoker.java:213)
	at org.testng.internal.Invoker.invokeConfigurations(Invoker.java:138)
	at org.testng.TestRunner.beforeRun(TestRunner.java:641)
	at org.testng.TestRunner.run(TestRunner.java:609)
	at org.testng.SuiteRunner.runTest(SuiteRunner.java:334)
	at org.testng.SuiteRunner.runSequentially(SuiteRunner.java:329)
	at org.testng.SuiteRunner.privateRun(SuiteRunner.java:291)
	at org.testng.SuiteRunner.run(SuiteRunner.java:240)
	at org.testng.SuiteRunnerWorker.runSuite(SuiteRunnerWorker.java:52)
	at org.testng.SuiteRunnerWorker.run(SuiteRunnerWorker.java:86)
	at org.testng.TestNG.runSuitesSequentially(TestNG.java:1198)
	at org.testng.TestNG.runSuitesLocally(TestNG.java:1123)
	at org.testng.TestNG.run(TestNG.java:1031)
	at org.apache.maven.surefire.testng.TestNGExecutor.run(TestNGExecutor.java:284)
	at org.apache.maven.surefire.testng.TestNGXmlTestSuite.execute(TestNGXmlTestSuite.java:75)
	at org.apache.maven.surefire.testng.TestNGProvider.invoke(TestNGProvider.java:119)
	at org.apache.maven.surefire.booter.ForkedBooter.runSuitesInProcess(ForkedBooter.java:428)
	at org.apache.maven.surefire.booter.ForkedBooter.execute(ForkedBooter.java:162)
	at org.apache.maven.surefire.booter.ForkedBooter.run(ForkedBooter.java:562)
	at org.apache.maven.surefire.booter.ForkedBooter.main(ForkedBooter.java:548)
]]>
            </full-stacktrace>
          </exception> <!-- org.openqa.selenium.SessionNotCreatedException -->
          <reporter-output>
          </reporter-output>
        </test-method> <!-- setup -->
        <test-method signature="loginTest()[pri:0, instance:testCases.NewTest1@36b4fe2a]" started-at="2024-05-26T13:35:31Z" name="loginTest" finished-at="2024-05-26T13:35:31Z" duration-ms="1" status="SKIP">
          <reporter-output>
          </reporter-output>
        </test-method> <!-- loginTest -->
        <test-method is-config="true" signature="tearDown()[pri:0, instance:testCases.NewTest1@36b4fe2a]" started-at="2024-05-26T13:35:31Z" name="tearDown" finished-at="2024-05-26T13:35:31Z" duration-ms="0" status="SKIP">
          <reporter-output>
          </reporter-output>
        </test-method> <!-- tearDown -->
      </class> <!-- testCases.NewTest1 -->
    </test> <!-- Newtest1 -->
  </suite> <!-- Suite1 -->
</testng-results>
