<?xml version="1.0" encoding="UTF-8"?>
<testsuite xmlns:xsi="http://www.w3.org/2001/XMLSchema-instance" xsi:noNamespaceSchemaLocation="https://maven.apache.org/surefire/maven-surefire-plugin/xsd/surefire-test-report-3.0.xsd" version="3.0" name="TestSuite" time="2.68" tests="3" errors="0" skipped="2" failures="1">
  <properties>
[...]
</properties>
  <testcase name="setup[chrome](0)" classname="testCases.NewTest1" time="2.289">
    <failure message="session not created: This version of ChromeDriver only supports Chrome version 114&#10;Current browser version is 125.0.6422.113 with binary path C:\Program Files\Google\Chrome\Application\chrome.exe&#10;Build info: version: &apos;3.141.59&apos;, revision: &apos;e82be7d358&apos;, time: &apos;2018-11-14T08:17:03&apos;&#10;System info: host: &apos;DESKTOP-EG3OU6E&apos;, ip: &apos;192.168.1.4&apos;, os.name: &apos;Windows 11&apos;, os.arch: &apos;amd64&apos;, os.version: &apos;10.0&apos;, java.version: &apos;17.0.10&apos;&#10;Driver info: driver.version: ChromeDriver&#10;remote stacktrace: Backtrace:&#10;	GetHandleVerifier [0x00FB6E73+48323]&#10;	(No symbol) [0x00F49661]&#10;	(No symbol) [0x00E55308]&#10;	(No symbol) [0x00E7634C]&#10;	(No symbol) [0x00E72093]&#10;	(No symbol) [0x00E70719]&#10;	(No symbol) [0x00EA0DF5]&#10;	(No symbol) [0x00EA0ADC]&#10;	(No symbol) [0x00E9A6D6]&#10;	(No symbol) [0x00E7847C]&#10;	(No symbol) [0x00E7957D]&#10;	GetHandleVerifier [0x0121FD5D+2575277]&#10;	GetHandleVerifier [0x0125F86E+2836158]&#10;	GetHandleVerifier [0x012596DC+2811180]&#10;	GetHandleVerifier [0x010441B0+626688]&#10;	(No symbol) [0x00F5314C]&#10;	(No symbol) [0x00F4F4B8]&#10;	(No symbol) [0x00F4F59B]&#10;	(No symbol) [0x00F421B7]&#10;	BaseThreadInitThunk [0x750E7BA9+25]&#10;	RtlInitializeExceptionChain [0x772FBE3B+107]&#10;	RtlClearBits [0x772FBDBF+191]&#10;" type="org.openqa.selenium.SessionNotCreatedException"><![CDATA[org.openqa.selenium.SessionNotCreatedException: 
session not created: This version of ChromeDriver only supports Chrome version 114
Current browser version is 125.0.6422.113 with binary path C:\Program Files\Google\Chrome\Application\chrome.exe
Build info: version: '3.141.59', revision: 'e82be7d358', time: '2018-11-14T08:17:03'
System info: host: 'DESKTOP-EG3OU6E', ip: '192.168.1.4', os.name: 'Windows 11', os.arch: 'amd64', os.version: '10.0', java.version: '17.0.10'
Driver info: driver.version: ChromeDriver
remote stacktrace: Backtrace:
	GetHandleVerifier [0x00FB6E73+48323]
	(No symbol) [0x00F49661]
	(No symbol) [0x00E55308]
	(No symbol) [0x00E7634C]
	(No symbol) [0x00E72093]
	(No symbol) [0x00E70719]
	(No symbol) [0x00EA0DF5]
	(No symbol) [0x00EA0ADC]
	(No symbol) [0x00E9A6D6]
	(No symbol) [0x00E7847C]
	(No symbol) [0x00E7957D]
	GetHandleVerifier [0x0121FD5D+2575277]
	GetHandleVerifier [0x0125F86E+2836158]
	GetHandleVerifier [0x012596DC+2811180]
	GetHandleVerifier [0x010441B0+626688]
	(No symbol) [0x00F5314C]
	(No symbol) [0x00F4F4B8]
	(No symbol) [0x00F4F59B]
	(No symbol) [0x00F421B7]
	BaseThreadInitThunk [0x750E7BA9+25]
	RtlInitializeExceptionChain [0x772FBE3B+107]
	RtlClearBits [0x772FBDBF+191]

	at testCases.NewTest1.setup(NewTest1.java:27)
]]></failure>
    <system-out><![CDATA[C:\Users\Narendrak\Downloads\New Project\JenkinsTest\test-output\Test-Report-2024.05.26.13.35.29.html
C:\Users\Narendrak\Downloads\New Project\JenkinsTest\extent-config.xml
chrome
]]></system-out>
    <system-err><![CDATA[Starting ChromeDriver 114.0.5735.16 (7e1ff058633f5b79b1cd7479aca585ba385519d8-refs/branch-heads/5735@{#182}) on port 59495
Only local connections are allowed.
Please see https://chromedriver.chromium.org/security-considerations for suggestions on keeping ChromeDriver safe.
ChromeDriver was started successfully.
]]></system-err>
  </testcase>
  <testcase name="loginTest" classname="testCases.NewTest1" time="0">
    <skipped/>
  </testcase>
  <testcase name="tearDown" classname="testCases.NewTest1" time="0">
    <skipped/>
  </testcase>
</testsuite>