<?xml version="1.0" encoding="UTF-8"?>
<testng-results ignored="0" total="1" passed="1" failed="0" skipped="0">
  <reporter-output>
  </reporter-output>
  <suite started-at="2024-05-27T10:57:20 IST" name="Suite1" finished-at="2024-05-27T10:57:46 IST" duration-ms="25582">
    <groups>
    </groups>
    <test started-at="2024-05-27T10:57:20 IST" name="Newtest1" finished-at="2024-05-27T10:57:46 IST" duration-ms="25582">
      <class name="testCases.NewTest1">
        <test-method is-config="true" signature="setup(java.lang.String)[pri:0, instance:testCases.NewTest1@2e8c1c9b]" started-at="2024-05-27T10:57:20 IST" name="setup" finished-at="2024-05-27T10:57:24 IST" duration-ms="3577" status="PASS">
          <params>
            <param index="0">
              <value>
                <![CDATA[chrome]]>
              </value>
            </param>
          </params>
          <reporter-output>
          </reporter-output>
        </test-method> <!-- setup -->
        <test-method signature="loginTest()[pri:0, instance:testCases.NewTest1@2e8c1c9b]" started-at="2024-05-27T10:57:24 IST" name="loginTest" finished-at="2024-05-27T10:57:44 IST" duration-ms="19728" status="PASS">
          <reporter-output>
          </reporter-output>
        </test-method> <!-- loginTest -->
        <test-method is-config="true" signature="tearDown()[pri:0, instance:testCases.NewTest1@2e8c1c9b]" started-at="2024-05-27T10:57:45 IST" name="tearDown" finished-at="2024-05-27T10:57:46 IST" duration-ms="1206" status="PASS">
          <reporter-output>
          </reporter-output>
        </test-method> <!-- tearDown -->
      </class> <!-- testCases.NewTest1 -->
    </test> <!-- Newtest1 -->
  </suite> <!-- Suite1 -->
</testng-results>
